Arguments: 
  C:\Program Files\nodejs\node.exe C:\Users\panke\AppData\Roaming\npm\node_modules\yarn\bin\yarn.js init y

PATH: 
  D:\Git\mingw64\bin;D:\Git\usr\bin;C:\Users\panke\bin;C:\Python27;C:\Python27\Scripts;C:\python\Scripts;C:\python;C:\Program Files (x86)\Common Files\Oracle\Java\javapath;C:\Program Files\AdoptOpenJDK\jdk-11.0.6.10-hotspot\bin;C:\Windows\system32;C:\Windows;C:\Windows\System32\Wbem;C:\Windows\System32\WindowsPowerShell\v1.0;C:\Windows\System32\OpenSSH;C:\Program Files\NVIDIA Corporation\NVIDIA NvDLISR;C:\Program Files (x86)\NVIDIA Corporation\PhysX\Common;C:\ProgramData\chocolatey\bin;D:\Git\cmd;C:\Python27;C:\python\Scripts;C:\tools\php74;C:\Program Files\nodejs;C:\Users\panke\.windows-build-tools\python27;C:\python\Scripts;C:\python;C:\Users\panke\AppData\Local\Microsoft\WindowsApps;C:\Users\panke\AppData\Local\hyper\app-3.0.2\resources\bin;D:\Microsoft VS Code\bin;C:\ProgramData\chocolatey\lib\mingw\tools\install\mingw64\bin;C:\Program Files\JetBrains\IntelliJ IDEA Community Edition 2019.3.2\bin;C:\Users\panke\AppData\Local\Programs\Fiddler;C:\Users\panke\AppData\Local\GitHubDesktop\bin;C:\Users\panke\AppData\Roaming\npm

Yarn version: 
  1.22.0

Node version: 
  12.16.1

Platform: 
  win32 x64

Trace: 
  Error: canceled
      at Interface.<anonymous> (C:\Users\panke\AppData\Roaming\npm\node_modules\yarn\lib\cli.js:136987:13)
      at Interface.emit (events.js:311:20)
      at Interface._ttyWrite (readline.js:893:16)
      at ReadStream.onkeypress (readline.js:198:10)
      at ReadStream.emit (events.js:311:20)
      at emitKeys (internal/readline/utils.js:438:14)
      at emitKeys.next (<anonymous>)
      at ReadStream.onData (readline.js:1160:36)
      at ReadStream.emit (events.js:311:20)
      at addChunk (_stream_readable.js:294:12)

npm manifest: 
  No manifest

yarn manifest: 
  No manifest

Lockfile: 
  No lockfile
